<?xml version="1.0" encoding="UTF-8" ?>
<testsuite tests="6" failures="0" name="examples.Chapter2Test" time="1.345" errors="0" skipped="0">
  <properties>
    <property name="java.runtime.name" value="Java(TM) SE Runtime Environment"/>
    <property name="java.vm.version" value="18.0.1.1+2-6"/>
    <property name="sun.boot.library.path" value="C:\Program Files\Java\jdk-18.0.1.1\bin"/>
    <property name="maven.multiModuleProjectDirectory" value="C:\Users\jgomez\OneDrive - SISTECREDITO SAS\Documentos\CampusSC\IntellijWorkspace\testautomationuniversity\tau-rest-assured"/>
    <property name="java.vm.vendor" value="Oracle Corporation"/>
    <property name="java.vendor.url" value="https://java.oracle.com/"/>
    <property name="guice.disable.misplaced.annotation.check" value="true"/>
    <property name="path.separator" value=";"/>
    <property name="java.vm.name" value="Java HotSpot(TM) 64-Bit Server VM"/>
    <property name="sun.os.patch.level" value=""/>
    <property name="user.script" value=""/>
    <property name="user.country" value="CO"/>
    <property name="sun.java.launcher" value="SUN_STANDARD"/>
    <property name="java.vm.specification.name" value="Java Virtual Machine Specification"/>
    <property name="user.dir" value="C:\Users\jgomez\OneDrive - SISTECREDITO SAS\Documentos\CampusSC\IntellijWorkspace\testautomationuniversity\tau-rest-assured"/>
    <property name="java.vm.compressedOopsMode" value="Zero based"/>
    <property name="java.runtime.version" value="18.0.1.1+2-6"/>
    <property name="os.arch" value="amd64"/>
    <property name="java.io.tmpdir" value="C:\Users\jgomez\AppData\Local\Temp\"/>
    <property name="line.separator" value="
"/>
    <property name="java.vm.specification.vendor" value="Oracle Corporation"/>
    <property name="user.variant" value=""/>
    <property name="os.name" value="Windows 10"/>
    <property name="classworlds.conf" value="C:\Users\jgomez\OneDrive - SISTECREDITO SAS\Documentos\Librerias\Maven\apache-maven-3.8.5-bin\apache-maven-3.8.5\bin\m2.conf"/>
    <property name="sun.jnu.encoding" value="Cp1252"/>
    <property name="java.library.path" value="C:\Program Files\Java\jdk-18.0.1.1\bin;C:\Windows\Sun\Java\bin;C:\Windows\system32;C:\Windows;C:\Windows\system32;C:\Windows;C:\Windows\System32\Wbem;C:\Windows\System32\WindowsPowerShell\v1.0\;C:\Windows\System32\OpenSSH\;C:\Program Files\Git\cmd;C:\Program Files\Microsoft SQL Server\150\Tools\Binn\;C:\Program Files\Microsoft SQL Server\Client SDK\ODBC\170\Tools\Binn\;C:\Program Files\dotnet\;C:\Gradle\gradle-6.3\bin;C:\Program Files\Java\jdk-18.0.1.1\bin;C:\Users\jgomez\OneDrive - SISTECREDITO SAS\Documentos\Librerias\Maven\apache-maven-3.8.5-bin\apache-maven-3.8.5\bin;C:\Users\jgomez\AppData\Local\Microsoft\WindowsApps;C:\Program Files\JetBrains\IntelliJ IDEA Community Edition 2022.1.2\bin;;C:\Users\jgomez\AppData\Local\Programs\Microsoft VS Code\bin;C:\Users\jgomez\AppData\Local\GitHubDesktop\bin;C:\Users\jgomez\.dotnet\tools;;."/>
    <property name="maven.conf" value="C:\Users\jgomez\OneDrive - SISTECREDITO SAS\Documentos\Librerias\Maven\apache-maven-3.8.5-bin\apache-maven-3.8.5/conf"/>
    <property name="jdk.debug" value="release"/>
    <property name="java.class.version" value="62.0"/>
    <property name="java.specification.name" value="Java Platform API Specification"/>
    <property name="sun.management.compiler" value="HotSpot 64-Bit Tiered Compilers"/>
    <property name="os.version" value="10.0"/>
    <property name="library.jansi.path" value="C:\Users\jgomez\OneDrive - SISTECREDITO SAS\Documentos\Librerias\Maven\apache-maven-3.8.5-bin\apache-maven-3.8.5\lib\jansi-native"/>
    <property name="user.home" value="C:\Users\jgomez"/>
    <property name="user.timezone" value="America/Bogota"/>
    <property name="file.encoding" value="UTF-8"/>
    <property name="java.specification.version" value="18"/>
    <property name="user.name" value="jgomez"/>
    <property name="java.class.path" value="C:\Users\jgomez\OneDrive - SISTECREDITO SAS\Documentos\Librerias\Maven\apache-maven-3.8.5-bin\apache-maven-3.8.5\boot\plexus-classworlds-2.6.0.jar"/>
    <property name="java.vm.specification.version" value="18"/>
    <property name="sun.arch.data.model" value="64"/>
    <property name="sun.java.command" value="org.codehaus.plexus.classworlds.launcher.Launcher verify"/>
    <property name="java.home" value="C:\Program Files\Java\jdk-18.0.1.1"/>
    <property name="user.language" value="es"/>
    <property name="java.specification.vendor" value="Oracle Corporation"/>
    <property name="java.vm.info" value="mixed mode, sharing"/>
    <property name="java.version" value="18.0.1.1"/>
    <property name="native.encoding" value="Cp1252"/>
    <property name="java.vendor" value="Oracle Corporation"/>
    <property name="sun.stderr.encoding" value="cp850"/>
    <property name="maven.home" value="C:\Users\jgomez\OneDrive - SISTECREDITO SAS\Documentos\Librerias\Maven\apache-maven-3.8.5-bin\apache-maven-3.8.5"/>
    <property name="file.separator" value="\"/>
    <property name="java.version.date" value="2022-04-22"/>
    <property name="java.vendor.url.bug" value="https://bugreport.java.com/bugreport/"/>
    <property name="sun.io.unicode.encoding" value="UnicodeLittle"/>
    <property name="sun.cpu.endian" value="little"/>
    <property name="sun.stdout.encoding" value="cp850"/>
    <property name="sun.cpu.isalist" value="amd64"/>
  </properties>
  <testcase classname="examples.Chapter2Test" name="requestUsZipCode90210_checkPlaceNameInResponseBody_expectBeverlyHills" time="0.206"/>
  <testcase classname="examples.Chapter2Test" name="requestUsZipCode90210_checkStatusCode_expectHttp200" time="0.254"/>
  <testcase classname="examples.Chapter2Test" name="requestUsZipCode90210_logRequestAndResponseDetails" time="0.276"/>
  <testcase classname="examples.Chapter2Test" name="requestUsZipCode90210_checkListOfPlaceNamesInResponseBody_expectContainsBeverlyHills" time="0.208"/>
  <testcase classname="examples.Chapter2Test" name="requestUsZipCode90210_checkNumberOfPlaceNamesInResponseBody_expectOne" time="0.2"/>
  <testcase classname="examples.Chapter2Test" name="requestUsZipCode90210_checkContentType_expectApplicationJson" time="0.201"/>
</testsuite>